<?xml version="1.0" encoding="UTF-8"?>
<!-- Generated by org.testng.reporters.JUnitReportReporter -->
<testsuite hostname="Distilleds-iMac.local" name="com.firsTime.app.forSaleSearch" tests="1" failures="0" timestamp="24 Jun 2016 08:52:07 GMT" time="19.530" errors="0">
  <testcase name="forSaleSearchRandomNumBedrooms" time="19.530" classname="com.firsTime.app.forSaleSearch"/>
</testsuite> <!-- com.firsTime.app.forSaleSearch -->
