<?xml version="1.0" encoding="UTF-8"?>
<!-- Generated by org.testng.reporters.JUnitReportReporter -->
<testsuite hostname="Distilleds-iMac.local" name="com.firsTime.app.AndroidSecond" tests="1" failures="0" timestamp="24 Jun 2016 08:52:07 GMT" time="30.645" errors="0">
  <testcase name="loginLogout" time="30.645" classname="com.firsTime.app.AndroidSecond"/>
</testsuite> <!-- com.firsTime.app.AndroidSecond -->
