<?xml version="1.0" encoding="UTF-8"?>
<!-- Generated by org.testng.reporters.JUnitReportReporter -->
<testsuite hostname="Distilleds-iMac.local" name="com.androidTests.ForSaleRandomNumBedSearchTest" tests="1" failures="0" timestamp="24 Jun 2016 16:15:19 GMT" time="19.621" errors="0">
  <testcase name="forSaleSearchRandomNumBedrooms" time="19.621" classname="com.androidTests.ForSaleRandomNumBedSearchTest"/>
</testsuite> <!-- com.androidTests.ForSaleRandomNumBedSearchTest -->
