<?xml version="1.0" encoding="UTF-8"?>
<!-- Generated by org.testng.reporters.JUnitReportReporter -->
<testsuite hostname="Distilleds-iMac.local" name="com.androidTests.LogInLogoutTest" tests="1" failures="0" timestamp="24 Jun 2016 16:15:19 GMT" time="30.626" errors="0">
  <testcase name="loginLogout" time="30.626" classname="com.androidTests.LogInLogoutTest"/>
</testsuite> <!-- com.androidTests.LogInLogoutTest -->
